###############################################################
#  Generated by:      Cadence Innovus 21.13-s100_1
#  OS:                Linux x86_64(Host ID ic51)
#  Generated on:      Wed Sep 27 17:32:34 2023
#  Design:            top
#  Command:           report_timing > timing_per.rpt 
###############################################################
Path 1: MET Setup Check with Pin randomize/data_out_reg_24_/CK 
Endpoint:   randomize/data_out_reg_24_/D (^) checked with  leading edge of 'CLK'
Beginpoint: sequencer/round_reg_1_/Q     (^) triggered by  leading edge of 'CLK'
Path Groups: {CLK}
Analysis View: generic_view
Other End Arrival Time          0.000
- Setup                         0.086
+ Phase Shift                  10.000
= Required Time                 9.914
- Arrival Time                  8.667
= Slack Time                    1.246
     Clock Rise Edge                 0.000
     + Clock Network Latency (Ideal) 0.000
     = Beginpoint Arrival Time       0.000
     +--------------------------------------------------------------------------------------+ 
     |           Instance           |     Arc      |   Cell    | Delay | Arrival | Required | 
     |                              |              |           |       |  Time   |   Time   | 
     |------------------------------+--------------+-----------+-------+---------+----------| 
     | sequencer/round_reg_1_       | CK ^         |           |       |   0.000 |    1.246 | 
     | sequencer/round_reg_1_       | CK ^ -> Q ^  | DFF_X1    | 0.554 |   0.554 |    1.801 | 
     | randomize/U14                | A ^ -> ZN v  | INV_X1    | 0.253 |   0.807 |    2.053 | 
     | randomize/U38                | A2 v -> ZN ^ | NAND2_X1  | 0.129 |   0.936 |    2.183 | 
     | randomize/U35                | A1 ^ -> ZN v | NOR2_X1   | 0.034 |   0.970 |    2.217 | 
     | randomize/U13                | A1 v -> ZN ^ | NOR2_X1   | 0.128 |   1.098 |    2.344 | 
     | randomize/U54                | A ^ -> ZN v  | INV_X1    | 0.037 |   1.135 |    2.381 | 
     | randomize/U40                | B v -> ZN ^  | AOI211_X1 | 0.258 |   1.393 |    2.639 | 
     | randomize/U41                | B ^ -> ZN v  | AOI211_X1 | 0.085 |   1.478 |    2.725 | 
     | randomize/U62                | A1 v -> ZN ^ | NOR2_X1   | 0.120 |   1.598 |    2.844 | 
     | randomize/U63                | B2 ^ -> ZN v | OAI21_X1  | 0.058 |   1.656 |    2.903 | 
     | randomize/U42                | A v -> ZN ^  | OAI21_X1  | 0.110 |   1.767 |    3.013 | 
     | FE_PDC94_randomize_n47       | A ^ -> Z ^   | BUF_X4    | 0.447 |   2.214 |    3.460 | 
     | FE_PDC93_randomize_n47       | A ^ -> Z ^   | BUF_X4    | 0.501 |   2.714 |    3.961 | 
     | randomize/U135               | A2 ^ -> ZN v | AOI22_X1  | 0.175 |   2.889 |    4.135 | 
     | randomize/U136               | A v -> ZN ^  | INV_X1    | 0.102 |   2.991 |    4.237 | 
     | randomize/U137               | B1 ^ -> ZN v | AOI22_X1  | 0.060 |   3.051 |    4.297 | 
     | randomize/U138               | A1 v -> ZN ^ | NAND2_X1  | 0.092 |   3.142 |    4.389 | 
     | randomize/f_func/U12         | A ^ -> Z ^   | XOR2_X1   | 0.576 |   3.718 |    4.965 | 
     | randomize/f_func/sbox4b/U33  | A1 ^ -> ZN v | NOR2_X1   | 0.076 |   3.794 |    5.041 | 
     | randomize/f_func/sbox4b/U32  | A v -> ZN ^  | INV_X1    | 0.119 |   3.913 |    5.160 | 
     | randomize/f_func/sbox4b/U34  | A2 ^ -> ZN v | NOR2_X1   | 0.066 |   3.979 |    5.226 | 
     | randomize/f_func/sbox4b/U66  | A v -> ZN ^  | INV_X1    | 0.232 |   4.211 |    5.458 | 
     | randomize/f_func/sbox4b/U103 | A2 ^ -> ZN v | NOR2_X2   | 0.106 |   4.318 |    5.564 | 
     | randomize/f_func/sbox4b/U104 | A4 v -> ZN ^ | NOR4_X1   | 0.480 |   4.798 |    6.044 | 
     | randomize/f_func/sbox4b/U105 | A2 ^ -> ZN v | NAND2_X1  | 0.113 |   4.911 |    6.157 | 
     | randomize/f_func/sbox4b/U114 | A3 v -> ZN ^ | NOR4_X1   | 0.714 |   5.625 |    6.871 | 
     | randomize/f_func/sbox4b/U311 | A1 ^ -> ZN v | NAND3_X1  | 0.149 |   5.774 |    7.020 | 
     | randomize/f_func/sbox4b/U312 | A4 v -> ZN ^ | NOR4_X2   | 0.664 |   6.438 |    7.685 | 
     | randomize/f_func/sbox4b/U386 | A2 ^ -> ZN v | NAND4_X1  | 0.201 |   6.639 |    7.886 | 
     | randomize/f_func/sbox4b/U387 | B2 v -> ZN ^ | AOI22_X1  | 0.216 |   6.855 |    8.101 | 
     | randomize/f_func/sbox4b/U394 | A ^ -> ZN v  | OAI211_X1 | 0.158 |   7.013 |    8.259 | 
     | randomize/f_func/p_func/U82  | A v -> Z ^   | XOR2_X1   | 0.269 |   7.283 |    8.529 | 
     | randomize/f_func/p_func/U92  | B ^ -> ZN v  | XNOR2_X1  | 0.103 |   7.386 |    8.632 | 
     | randomize/f_func/p_func/U93  | A v -> ZN ^  | XNOR2_X1  | 0.740 |   8.126 |    9.372 | 
     | randomize/U896               | B ^ -> Z ^   | XOR2_X1   | 0.331 |   8.457 |    9.703 | 
     | randomize/U1290              | B2 ^ -> ZN v | AOI22_X1  | 0.108 |   8.565 |    9.811 | 
     | randomize/U1295              | A1 v -> ZN ^ | NAND4_X1  | 0.103 |   8.667 |    9.914 | 
     | randomize/data_out_reg_24_   | D ^          | DFF_X1    | 0.000 |   8.667 |    9.914 | 
     +--------------------------------------------------------------------------------------+ 

